Vivado Simulator 2018.2
Copyright 1986-1999, 2001-2018 Xilinx, Inc. All Rights Reserved.
Running: Q:/Xilinx/Vivado/2018.2/bin/unwrapped/win64.o/xelab.exe -wto 3c2a90432e514d289234a4315931f45e --incr --debug typical --relax --mt 2 -L xil_defaultlib -L unisims_ver -L secureip --snapshot counter_tb_func_impl xil_defaultlib.counter_tb xil_defaultlib.glbl -log elaborate.log 
Using 2 slave threads.
Starting static elaboration
Completed static elaboration
Starting simulation data flow analysis
Completed simulation data flow analysis
Time Resolution for simulation is 1ps
Compiling module unisims_ver.BUFG
Compiling module unisims_ver.IBUF
Compiling module unisims_ver.x_lut1_mux2
Compiling module unisims_ver.LUT1
Compiling module unisims_ver.OBUF
Compiling module unisims_ver.FDRE_default
Compiling module unisims_ver.CARRY4
Compiling module xil_defaultlib.counter
Compiling module xil_defaultlib.counter_tb
Compiling module xil_defaultlib.glbl
Built simulation snapshot counter_tb_func_impl
