
*** Running vivado
    with args -log counter_tb.vds -m64 -product Vivado -mode batch -messageDb vivado.pb -notrace -source counter_tb.tcl


****** Vivado v2018.2 (64-bit)
  **** SW Build 2258646 on Thu Jun 14 20:03:12 MDT 2018
  **** IP Build 2256618 on Thu Jun 14 22:10:49 MDT 2018
    ** Copyright 1986-2018 Xilinx, Inc. All Rights Reserved.

source counter_tb.tcl -notrace
Command: synth_design -top counter_tb -part xc7vx485tffg1157-1
Starting synth_design
Attempting to get a license for feature 'Synthesis' and/or device 'xc7vx485t'
INFO: [Common 17-349] Got license for feature 'Synthesis' and/or device 'xc7vx485t'
INFO: Launching helper process for spawning children vivado processes
INFO: Helper process launched with PID 10760 
WARNING: [Synth 8-2611] redeclaration of ansi port clk is not allowed [C:/Users/nikit/verilogProjects/counter/counter.srcs/sources_1/new/counter_tb.v:7]
---------------------------------------------------------------------------------
Starting Synthesize : Time (s): cpu = 00:00:02 ; elapsed = 00:00:02 . Memory (MB): peak = 429.020 ; gain = 110.535
---------------------------------------------------------------------------------
INFO: [Synth 8-6157] synthesizing module 'counter_tb' [C:/Users/nikit/verilogProjects/counter/counter.srcs/sources_1/new/counter_tb.v:3]
WARNING: [Synth 8-311] ignoring non-constant assignment in initial block [C:/Users/nikit/verilogProjects/counter/counter.srcs/sources_1/new/counter_tb.v:8]
WARNING: [Synth 8-311] ignoring non-constant assignment in initial block [C:/Users/nikit/verilogProjects/counter/counter.srcs/sources_1/new/counter_tb.v:8]
WARNING: [Synth 8-311] ignoring non-constant assignment in initial block [C:/Users/nikit/verilogProjects/counter/counter.srcs/sources_1/new/counter_tb.v:8]
WARNING: [Synth 8-311] ignoring non-constant assignment in initial block [C:/Users/nikit/verilogProjects/counter/counter.srcs/sources_1/new/counter_tb.v:8]
WARNING: [Synth 8-311] ignoring non-constant assignment in initial block [C:/Users/nikit/verilogProjects/counter/counter.srcs/sources_1/new/counter_tb.v:8]
WARNING: [Synth 8-311] ignoring non-constant assignment in initial block [C:/Users/nikit/verilogProjects/counter/counter.srcs/sources_1/new/counter_tb.v:8]
WARNING: [Synth 8-311] ignoring non-constant assignment in initial block [C:/Users/nikit/verilogProjects/counter/counter.srcs/sources_1/new/counter_tb.v:8]
WARNING: [Synth 8-311] ignoring non-constant assignment in initial block [C:/Users/nikit/verilogProjects/counter/counter.srcs/sources_1/new/counter_tb.v:8]
WARNING: [Synth 8-311] ignoring non-constant assignment in initial block [C:/Users/nikit/verilogProjects/counter/counter.srcs/sources_1/new/counter_tb.v:8]
WARNING: [Synth 8-311] ignoring non-constant assignment in initial block [C:/Users/nikit/verilogProjects/counter/counter.srcs/sources_1/new/counter_tb.v:8]
WARNING: [Synth 8-311] ignoring non-constant assignment in initial block [C:/Users/nikit/verilogProjects/counter/counter.srcs/sources_1/new/counter_tb.v:8]
WARNING: [Synth 8-311] ignoring non-constant assignment in initial block [C:/Users/nikit/verilogProjects/counter/counter.srcs/sources_1/new/counter_tb.v:8]
WARNING: [Synth 8-311] ignoring non-constant assignment in initial block [C:/Users/nikit/verilogProjects/counter/counter.srcs/sources_1/new/counter_tb.v:8]
WARNING: [Synth 8-311] ignoring non-constant assignment in initial block [C:/Users/nikit/verilogProjects/counter/counter.srcs/sources_1/new/counter_tb.v:8]
WARNING: [Synth 8-311] ignoring non-constant assignment in initial block [C:/Users/nikit/verilogProjects/counter/counter.srcs/sources_1/new/counter_tb.v:8]
WARNING: [Synth 8-311] ignoring non-constant assignment in initial block [C:/Users/nikit/verilogProjects/counter/counter.srcs/sources_1/new/counter_tb.v:8]
WARNING: [Synth 8-311] ignoring non-constant assignment in initial block [C:/Users/nikit/verilogProjects/counter/counter.srcs/sources_1/new/counter_tb.v:8]
WARNING: [Synth 8-311] ignoring non-constant assignment in initial block [C:/Users/nikit/verilogProjects/counter/counter.srcs/sources_1/new/counter_tb.v:8]
WARNING: [Synth 8-311] ignoring non-constant assignment in initial block [C:/Users/nikit/verilogProjects/counter/counter.srcs/sources_1/new/counter_tb.v:8]
WARNING: [Synth 8-311] ignoring non-constant assignment in initial block [C:/Users/nikit/verilogProjects/counter/counter.srcs/sources_1/new/counter_tb.v:8]
WARNING: [Synth 8-311] ignoring non-constant assignment in initial block [C:/Users/nikit/verilogProjects/counter/counter.srcs/sources_1/new/counter_tb.v:8]
WARNING: [Synth 8-311] ignoring non-constant assignment in initial block [C:/Users/nikit/verilogProjects/counter/counter.srcs/sources_1/new/counter_tb.v:8]
WARNING: [Synth 8-311] ignoring non-constant assignment in initial block [C:/Users/nikit/verilogProjects/counter/counter.srcs/sources_1/new/counter_tb.v:8]
WARNING: [Synth 8-311] ignoring non-constant assignment in initial block [C:/Users/nikit/verilogProjects/counter/counter.srcs/sources_1/new/counter_tb.v:8]
WARNING: [Synth 8-311] ignoring non-constant assignment in initial block [C:/Users/nikit/verilogProjects/counter/counter.srcs/sources_1/new/counter_tb.v:8]
WARNING: [Synth 8-311] ignoring non-constant assignment in initial block [C:/Users/nikit/verilogProjects/counter/counter.srcs/sources_1/new/counter_tb.v:8]
WARNING: [Synth 8-311] ignoring non-constant assignment in initial block [C:/Users/nikit/verilogProjects/counter/counter.srcs/sources_1/new/counter_tb.v:8]
WARNING: [Synth 8-311] ignoring non-constant assignment in initial block [C:/Users/nikit/verilogProjects/counter/counter.srcs/sources_1/new/counter_tb.v:8]
WARNING: [Synth 8-311] ignoring non-constant assignment in initial block [C:/Users/nikit/verilogProjects/counter/counter.srcs/sources_1/new/counter_tb.v:8]
WARNING: [Synth 8-311] ignoring non-constant assignment in initial block [C:/Users/nikit/verilogProjects/counter/counter.srcs/sources_1/new/counter_tb.v:8]
WARNING: [Synth 8-311] ignoring non-constant assignment in initial block [C:/Users/nikit/verilogProjects/counter/counter.srcs/sources_1/new/counter_tb.v:8]
WARNING: [Synth 8-311] ignoring non-constant assignment in initial block [C:/Users/nikit/verilogProjects/counter/counter.srcs/sources_1/new/counter_tb.v:8]
WARNING: [Synth 8-311] ignoring non-constant assignment in initial block [C:/Users/nikit/verilogProjects/counter/counter.srcs/sources_1/new/counter_tb.v:8]
WARNING: [Synth 8-311] ignoring non-constant assignment in initial block [C:/Users/nikit/verilogProjects/counter/counter.srcs/sources_1/new/counter_tb.v:8]
WARNING: [Synth 8-311] ignoring non-constant assignment in initial block [C:/Users/nikit/verilogProjects/counter/counter.srcs/sources_1/new/counter_tb.v:8]
WARNING: [Synth 8-311] ignoring non-constant assignment in initial block [C:/Users/nikit/verilogProjects/counter/counter.srcs/sources_1/new/counter_tb.v:8]
WARNING: [Synth 8-311] ignoring non-constant assignment in initial block [C:/Users/nikit/verilogProjects/counter/counter.srcs/sources_1/new/counter_tb.v:8]
WARNING: [Synth 8-311] ignoring non-constant assignment in initial block [C:/Users/nikit/verilogProjects/counter/counter.srcs/sources_1/new/counter_tb.v:8]
WARNING: [Synth 8-311] ignoring non-constant assignment in initial block [C:/Users/nikit/verilogProjects/counter/counter.srcs/sources_1/new/counter_tb.v:8]
WARNING: [Synth 8-311] ignoring non-constant assignment in initial block [C:/Users/nikit/verilogProjects/counter/counter.srcs/sources_1/new/counter_tb.v:8]
WARNING: [Synth 8-311] ignoring non-constant assignment in initial block [C:/Users/nikit/verilogProjects/counter/counter.srcs/sources_1/new/counter_tb.v:8]
WARNING: [Synth 8-311] ignoring non-constant assignment in initial block [C:/Users/nikit/verilogProjects/counter/counter.srcs/sources_1/new/counter_tb.v:8]
WARNING: [Synth 8-311] ignoring non-constant assignment in initial block [C:/Users/nikit/verilogProjects/counter/counter.srcs/sources_1/new/counter_tb.v:8]
WARNING: [Synth 8-311] ignoring non-constant assignment in initial block [C:/Users/nikit/verilogProjects/counter/counter.srcs/sources_1/new/counter_tb.v:8]
WARNING: [Synth 8-311] ignoring non-constant assignment in initial block [C:/Users/nikit/verilogProjects/counter/counter.srcs/sources_1/new/counter_tb.v:8]
WARNING: [Synth 8-311] ignoring non-constant assignment in initial block [C:/Users/nikit/verilogProjects/counter/counter.srcs/sources_1/new/counter_tb.v:8]
WARNING: [Synth 8-311] ignoring non-constant assignment in initial block [C:/Users/nikit/verilogProjects/counter/counter.srcs/sources_1/new/counter_tb.v:8]
WARNING: [Synth 8-311] ignoring non-constant assignment in initial block [C:/Users/nikit/verilogProjects/counter/counter.srcs/sources_1/new/counter_tb.v:8]
WARNING: [Synth 8-311] ignoring non-constant assignment in initial block [C:/Users/nikit/verilogProjects/counter/counter.srcs/sources_1/new/counter_tb.v:8]
WARNING: [Synth 8-311] ignoring non-constant assignment in initial block [C:/Users/nikit/verilogProjects/counter/counter.srcs/sources_1/new/counter_tb.v:8]
WARNING: [Synth 8-311] ignoring non-constant assignment in initial block [C:/Users/nikit/verilogProjects/counter/counter.srcs/sources_1/new/counter_tb.v:8]
WARNING: [Synth 8-311] ignoring non-constant assignment in initial block [C:/Users/nikit/verilogProjects/counter/counter.srcs/sources_1/new/counter_tb.v:8]
WARNING: [Synth 8-311] ignoring non-constant assignment in initial block [C:/Users/nikit/verilogProjects/counter/counter.srcs/sources_1/new/counter_tb.v:8]
WARNING: [Synth 8-311] ignoring non-constant assignment in initial block [C:/Users/nikit/verilogProjects/counter/counter.srcs/sources_1/new/counter_tb.v:8]
WARNING: [Synth 8-311] ignoring non-constant assignment in initial block [C:/Users/nikit/verilogProjects/counter/counter.srcs/sources_1/new/counter_tb.v:8]
WARNING: [Synth 8-311] ignoring non-constant assignment in initial block [C:/Users/nikit/verilogProjects/counter/counter.srcs/sources_1/new/counter_tb.v:8]
WARNING: [Synth 8-311] ignoring non-constant assignment in initial block [C:/Users/nikit/verilogProjects/counter/counter.srcs/sources_1/new/counter_tb.v:8]
WARNING: [Synth 8-311] ignoring non-constant assignment in initial block [C:/Users/nikit/verilogProjects/counter/counter.srcs/sources_1/new/counter_tb.v:8]
WARNING: [Synth 8-311] ignoring non-constant assignment in initial block [C:/Users/nikit/verilogProjects/counter/counter.srcs/sources_1/new/counter_tb.v:8]
WARNING: [Synth 8-311] ignoring non-constant assignment in initial block [C:/Users/nikit/verilogProjects/counter/counter.srcs/sources_1/new/counter_tb.v:8]
WARNING: [Synth 8-311] ignoring non-constant assignment in initial block [C:/Users/nikit/verilogProjects/counter/counter.srcs/sources_1/new/counter_tb.v:8]
WARNING: [Synth 8-311] ignoring non-constant assignment in initial block [C:/Users/nikit/verilogProjects/counter/counter.srcs/sources_1/new/counter_tb.v:8]
WARNING: [Synth 8-311] ignoring non-constant assignment in initial block [C:/Users/nikit/verilogProjects/counter/counter.srcs/sources_1/new/counter_tb.v:8]
WARNING: [Synth 8-311] ignoring non-constant assignment in initial block [C:/Users/nikit/verilogProjects/counter/counter.srcs/sources_1/new/counter_tb.v:8]
WARNING: [Synth 8-311] ignoring non-constant assignment in initial block [C:/Users/nikit/verilogProjects/counter/counter.srcs/sources_1/new/counter_tb.v:8]
WARNING: [Synth 8-311] ignoring non-constant assignment in initial block [C:/Users/nikit/verilogProjects/counter/counter.srcs/sources_1/new/counter_tb.v:8]
WARNING: [Synth 8-311] ignoring non-constant assignment in initial block [C:/Users/nikit/verilogProjects/counter/counter.srcs/sources_1/new/counter_tb.v:8]
WARNING: [Synth 8-311] ignoring non-constant assignment in initial block [C:/Users/nikit/verilogProjects/counter/counter.srcs/sources_1/new/counter_tb.v:8]
WARNING: [Synth 8-311] ignoring non-constant assignment in initial block [C:/Users/nikit/verilogProjects/counter/counter.srcs/sources_1/new/counter_tb.v:8]
WARNING: [Synth 8-311] ignoring non-constant assignment in initial block [C:/Users/nikit/verilogProjects/counter/counter.srcs/sources_1/new/counter_tb.v:8]
WARNING: [Synth 8-311] ignoring non-constant assignment in initial block [C:/Users/nikit/verilogProjects/counter/counter.srcs/sources_1/new/counter_tb.v:8]
WARNING: [Synth 8-311] ignoring non-constant assignment in initial block [C:/Users/nikit/verilogProjects/counter/counter.srcs/sources_1/new/counter_tb.v:8]
WARNING: [Synth 8-311] ignoring non-constant assignment in initial block [C:/Users/nikit/verilogProjects/counter/counter.srcs/sources_1/new/counter_tb.v:8]
WARNING: [Synth 8-311] ignoring non-constant assignment in initial block [C:/Users/nikit/verilogProjects/counter/counter.srcs/sources_1/new/counter_tb.v:8]
WARNING: [Synth 8-311] ignoring non-constant assignment in initial block [C:/Users/nikit/verilogProjects/counter/counter.srcs/sources_1/new/counter_tb.v:8]
WARNING: [Synth 8-311] ignoring non-constant assignment in initial block [C:/Users/nikit/verilogProjects/counter/counter.srcs/sources_1/new/counter_tb.v:8]
WARNING: [Synth 8-311] ignoring non-constant assignment in initial block [C:/Users/nikit/verilogProjects/counter/counter.srcs/sources_1/new/counter_tb.v:8]
WARNING: [Synth 8-311] ignoring non-constant assignment in initial block [C:/Users/nikit/verilogProjects/counter/counter.srcs/sources_1/new/counter_tb.v:8]
WARNING: [Synth 8-311] ignoring non-constant assignment in initial block [C:/Users/nikit/verilogProjects/counter/counter.srcs/sources_1/new/counter_tb.v:8]
WARNING: [Synth 8-311] ignoring non-constant assignment in initial block [C:/Users/nikit/verilogProjects/counter/counter.srcs/sources_1/new/counter_tb.v:8]
WARNING: [Synth 8-311] ignoring non-constant assignment in initial block [C:/Users/nikit/verilogProjects/counter/counter.srcs/sources_1/new/counter_tb.v:8]
WARNING: [Synth 8-311] ignoring non-constant assignment in initial block [C:/Users/nikit/verilogProjects/counter/counter.srcs/sources_1/new/counter_tb.v:8]
WARNING: [Synth 8-311] ignoring non-constant assignment in initial block [C:/Users/nikit/verilogProjects/counter/counter.srcs/sources_1/new/counter_tb.v:8]
WARNING: [Synth 8-311] ignoring non-constant assignment in initial block [C:/Users/nikit/verilogProjects/counter/counter.srcs/sources_1/new/counter_tb.v:8]
WARNING: [Synth 8-311] ignoring non-constant assignment in initial block [C:/Users/nikit/verilogProjects/counter/counter.srcs/sources_1/new/counter_tb.v:8]
WARNING: [Synth 8-311] ignoring non-constant assignment in initial block [C:/Users/nikit/verilogProjects/counter/counter.srcs/sources_1/new/counter_tb.v:8]
WARNING: [Synth 8-311] ignoring non-constant assignment in initial block [C:/Users/nikit/verilogProjects/counter/counter.srcs/sources_1/new/counter_tb.v:8]
WARNING: [Synth 8-311] ignoring non-constant assignment in initial block [C:/Users/nikit/verilogProjects/counter/counter.srcs/sources_1/new/counter_tb.v:8]
WARNING: [Synth 8-311] ignoring non-constant assignment in initial block [C:/Users/nikit/verilogProjects/counter/counter.srcs/sources_1/new/counter_tb.v:8]
WARNING: [Synth 8-311] ignoring non-constant assignment in initial block [C:/Users/nikit/verilogProjects/counter/counter.srcs/sources_1/new/counter_tb.v:8]
WARNING: [Synth 8-311] ignoring non-constant assignment in initial block [C:/Users/nikit/verilogProjects/counter/counter.srcs/sources_1/new/counter_tb.v:8]
WARNING: [Synth 8-311] ignoring non-constant assignment in initial block [C:/Users/nikit/verilogProjects/counter/counter.srcs/sources_1/new/counter_tb.v:8]
WARNING: [Synth 8-311] ignoring non-constant assignment in initial block [C:/Users/nikit/verilogProjects/counter/counter.srcs/sources_1/new/counter_tb.v:8]
WARNING: [Synth 8-311] ignoring non-constant assignment in initial block [C:/Users/nikit/verilogProjects/counter/counter.srcs/sources_1/new/counter_tb.v:8]
WARNING: [Synth 8-311] ignoring non-constant assignment in initial block [C:/Users/nikit/verilogProjects/counter/counter.srcs/sources_1/new/counter_tb.v:8]
WARNING: [Synth 8-311] ignoring non-constant assignment in initial block [C:/Users/nikit/verilogProjects/counter/counter.srcs/sources_1/new/counter_tb.v:8]
WARNING: [Synth 8-311] ignoring non-constant assignment in initial block [C:/Users/nikit/verilogProjects/counter/counter.srcs/sources_1/new/counter_tb.v:8]
WARNING: [Synth 8-311] ignoring non-constant assignment in initial block [C:/Users/nikit/verilogProjects/counter/counter.srcs/sources_1/new/counter_tb.v:8]
WARNING: [Synth 8-311] ignoring non-constant assignment in initial block [C:/Users/nikit/verilogProjects/counter/counter.srcs/sources_1/new/counter_tb.v:8]
WARNING: [Synth 8-311] ignoring non-constant assignment in initial block [C:/Users/nikit/verilogProjects/counter/counter.srcs/sources_1/new/counter_tb.v:8]
INFO: [Common 17-14] Message 'Synth 8-311' appears 100 times and further instances of the messages will be disabled. Use the Tcl command set_msg_config to change the current settings.
INFO: [Synth 8-6157] synthesizing module 'counter' [C:/Users/nikit/verilogProjects/counter/counter.srcs/sources_1/new/counter.v:3]
INFO: [Synth 8-6155] done synthesizing module 'counter' (1#1) [C:/Users/nikit/verilogProjects/counter/counter.srcs/sources_1/new/counter.v:3]
INFO: [Synth 8-6155] done synthesizing module 'counter_tb' (2#1) [C:/Users/nikit/verilogProjects/counter/counter.srcs/sources_1/new/counter_tb.v:3]
WARNING: [Synth 8-3917] design counter_tb has port clk driven by constant 0
---------------------------------------------------------------------------------
Finished Synthesize : Time (s): cpu = 00:00:07 ; elapsed = 00:00:07 . Memory (MB): peak = 513.625 ; gain = 195.141
---------------------------------------------------------------------------------
---------------------------------------------------------------------------------
Finished Constraint Validation : Time (s): cpu = 00:00:07 ; elapsed = 00:00:08 . Memory (MB): peak = 513.625 ; gain = 195.141
---------------------------------------------------------------------------------
---------------------------------------------------------------------------------
Start Loading Part and Timing Information
---------------------------------------------------------------------------------
Loading part: xc7vx485tffg1157-1
---------------------------------------------------------------------------------
Finished Loading Part and Timing Information : Time (s): cpu = 00:00:07 ; elapsed = 00:00:08 . Memory (MB): peak = 513.625 ; gain = 195.141
---------------------------------------------------------------------------------
INFO: [Device 21-403] Loading part xc7vx485tffg1157-1
---------------------------------------------------------------------------------
Finished RTL Optimization Phase 2 : Time (s): cpu = 00:00:07 ; elapsed = 00:00:08 . Memory (MB): peak = 513.625 ; gain = 195.141
---------------------------------------------------------------------------------

Report RTL Partitions: 
+-+--------------+------------+----------+
| |RTL Partition |Replication |Instances |
+-+--------------+------------+----------+
+-+--------------+------------+----------+
No constraint files found.
---------------------------------------------------------------------------------
Start RTL Component Statistics 
---------------------------------------------------------------------------------
Detailed RTL Component Info : 
+---Registers : 
	                1 Bit    Registers := 1     
---------------------------------------------------------------------------------
Finished RTL Component Statistics 
---------------------------------------------------------------------------------
---------------------------------------------------------------------------------
Start RTL Hierarchical Component Statistics 
---------------------------------------------------------------------------------
Hierarchical RTL Component report 
Module counter 
Detailed RTL Component Info : 
+---Registers : 
	                1 Bit    Registers := 1     
---------------------------------------------------------------------------------
Finished RTL Hierarchical Component Statistics
---------------------------------------------------------------------------------
---------------------------------------------------------------------------------
Start Part Resource Summary
---------------------------------------------------------------------------------
Part Resources:
DSPs: 2800 (col length:140)
BRAMs: 2060 (col length: RAMB18 140 RAMB36 70)
---------------------------------------------------------------------------------
Finished Part Resource Summary
---------------------------------------------------------------------------------
No constraint files found.
---------------------------------------------------------------------------------
Start Cross Boundary and Area Optimization
---------------------------------------------------------------------------------
Warning: Parallel synthesis criteria is not met 
WARNING: [Synth 8-115] binding instance 'i_0' in module 'counter_tb' to reference 'partition' which has no pins
WARNING: [Synth 8-3330] design counter_tb has an empty top module
WARNING: [Synth 8-3917] design counter_tb has port clk driven by constant 0
---------------------------------------------------------------------------------
Finished Cross Boundary and Area Optimization : Time (s): cpu = 00:00:17 ; elapsed = 00:00:21 . Memory (MB): peak = 746.109 ; gain = 427.625
---------------------------------------------------------------------------------

Report RTL Partitions: 
+-+--------------+------------+----------+
| |RTL Partition |Replication |Instances |
+-+--------------+------------+----------+
+-+--------------+------------+----------+
No constraint files found.
---------------------------------------------------------------------------------
Start Timing Optimization
---------------------------------------------------------------------------------
---------------------------------------------------------------------------------
Finished Timing Optimization : Time (s): cpu = 00:00:18 ; elapsed = 00:00:21 . Memory (MB): peak = 746.109 ; gain = 427.625
---------------------------------------------------------------------------------

Report RTL Partitions: 
+-+--------------+------------+----------+
| |RTL Partition |Replication |Instances |
+-+--------------+------------+----------+
+-+--------------+------------+----------+
---------------------------------------------------------------------------------
Start Technology Mapping
---------------------------------------------------------------------------------
---------------------------------------------------------------------------------
Finished Technology Mapping : Time (s): cpu = 00:00:18 ; elapsed = 00:00:21 . Memory (MB): peak = 746.109 ; gain = 427.625
---------------------------------------------------------------------------------

Report RTL Partitions: 
+-+--------------+------------+----------+
| |RTL Partition |Replication |Instances |
+-+--------------+------------+----------+
+-+--------------+------------+----------+
---------------------------------------------------------------------------------
Start IO Insertion
---------------------------------------------------------------------------------
---------------------------------------------------------------------------------
Start Flattening Before IO Insertion
---------------------------------------------------------------------------------
---------------------------------------------------------------------------------
Finished Flattening Before IO Insertion
---------------------------------------------------------------------------------
---------------------------------------------------------------------------------
Start Final Netlist Cleanup
---------------------------------------------------------------------------------
---------------------------------------------------------------------------------
Finished Final Netlist Cleanup
---------------------------------------------------------------------------------
---------------------------------------------------------------------------------
Finished IO Insertion : Time (s): cpu = 00:00:18 ; elapsed = 00:00:22 . Memory (MB): peak = 746.109 ; gain = 427.625
---------------------------------------------------------------------------------

Report Check Netlist: 
+------+------------------+-------+---------+-------+------------------+
|      |Item              |Errors |Warnings |Status |Description       |
+------+------------------+-------+---------+-------+------------------+
|1     |multi_driven_nets |      0|        0|Passed |Multi driven nets |
+------+------------------+-------+---------+-------+------------------+
---------------------------------------------------------------------------------
Start Renaming Generated Instances
---------------------------------------------------------------------------------
---------------------------------------------------------------------------------
Finished Renaming Generated Instances : Time (s): cpu = 00:00:18 ; elapsed = 00:00:22 . Memory (MB): peak = 746.109 ; gain = 427.625
---------------------------------------------------------------------------------

Report RTL Partitions: 
+-+--------------+------------+----------+
| |RTL Partition |Replication |Instances |
+-+--------------+------------+----------+
+-+--------------+------------+----------+
---------------------------------------------------------------------------------
Start Rebuilding User Hierarchy
---------------------------------------------------------------------------------
---------------------------------------------------------------------------------
Finished Rebuilding User Hierarchy : Time (s): cpu = 00:00:18 ; elapsed = 00:00:22 . Memory (MB): peak = 746.109 ; gain = 427.625
---------------------------------------------------------------------------------
---------------------------------------------------------------------------------
Start Renaming Generated Ports
---------------------------------------------------------------------------------
---------------------------------------------------------------------------------
Finished Renaming Generated Ports : Time (s): cpu = 00:00:18 ; elapsed = 00:00:22 . Memory (MB): peak = 746.109 ; gain = 427.625
---------------------------------------------------------------------------------
---------------------------------------------------------------------------------
Start Handling Custom Attributes
---------------------------------------------------------------------------------
---------------------------------------------------------------------------------
Finished Handling Custom Attributes : Time (s): cpu = 00:00:18 ; elapsed = 00:00:22 . Memory (MB): peak = 746.109 ; gain = 427.625
---------------------------------------------------------------------------------
---------------------------------------------------------------------------------
Start Renaming Generated Nets
---------------------------------------------------------------------------------
---------------------------------------------------------------------------------
Finished Renaming Generated Nets : Time (s): cpu = 00:00:18 ; elapsed = 00:00:22 . Memory (MB): peak = 746.109 ; gain = 427.625
---------------------------------------------------------------------------------
---------------------------------------------------------------------------------
Start Writing Synthesis Report
---------------------------------------------------------------------------------

Report BlackBoxes: 
+-+--------------+----------+
| |BlackBox name |Instances |
+-+--------------+----------+
+-+--------------+----------+

Report Cell Usage: 
+------+-----+------+
|      |Cell |Count |
+------+-----+------+
|1     |OBUF |     1|
+------+-----+------+

Report Instance Areas: 
+------+---------+-------+------+
|      |Instance |Module |Cells |
+------+---------+-------+------+
|1     |top      |       |     1|
+------+---------+-------+------+
---------------------------------------------------------------------------------
Finished Writing Synthesis Report : Time (s): cpu = 00:00:18 ; elapsed = 00:00:22 . Memory (MB): peak = 746.109 ; gain = 427.625
---------------------------------------------------------------------------------
Synthesis finished with 0 errors, 0 critical warnings and 65542 warnings.
Synthesis Optimization Runtime : Time (s): cpu = 00:00:18 ; elapsed = 00:00:22 . Memory (MB): peak = 746.109 ; gain = 427.625
Synthesis Optimization Complete : Time (s): cpu = 00:00:18 ; elapsed = 00:00:22 . Memory (MB): peak = 746.109 ; gain = 427.625
INFO: [Project 1-571] Translating synthesized netlist
INFO: [Project 1-570] Preparing netlist for logic optimization
INFO: [Opt 31-138] Pushed 0 inverter(s) to 0 load pin(s).
INFO: [Project 1-111] Unisim Transformation Summary:
No Unisim elements were transformed.

INFO: [Common 17-83] Releasing license: Synthesis
12 Infos, 105 Warnings, 0 Critical Warnings and 0 Errors encountered.
synth_design completed successfully
synth_design: Time (s): cpu = 00:00:23 ; elapsed = 00:00:27 . Memory (MB): peak = 872.953 ; gain = 567.523
WARNING: [Constraints 18-5210] No constraint will be written out.
INFO: [Common 17-1381] The checkpoint 'C:/Users/nikit/verilogProjects/counter/counter.runs/synth_1/counter_tb.dcp' has been generated.
INFO: [runtcl-4] Executing : report_utilization -file counter_tb_utilization_synth.rpt -pb counter_tb_utilization_synth.pb
report_utilization: Time (s): cpu = 00:00:00 ; elapsed = 00:00:00.215 . Memory (MB): peak = 872.953 ; gain = 0.000
INFO: [Common 17-206] Exiting Vivado at Sat Apr  8 00:27:59 2023...
